生成启动时间为 2018/10/21 14:06:47。
     1>项目“E:\VSWork\repos\MFCApplication1\MFCApplication1\MFCApplication1.vcxproj”在节点 2 上(Build 个目标)。
     1>ClCompile:
         G:\VS2013\VC\bin\x86_amd64\CL.exe /c /Zi /nologo /W3 /WX- /sdl /Od /D _WINDOWS /D _DEBUG /D _USING_V110_SDK71_ /D _UNICODE /D UNICODE /D _AFXDLL /Gm /EHsc /RTC1 /MDd /GS /fp:precise /Zc:wchar_t /Zc:forScope /Yc"stdafx.h" /Fp"x64\Debug\MFCApplication1.pch" /Fo"x64\Debug\\" /Fd"x64\Debug\vc120.pdb" /Gd /TP /errorReport:prompt stdafx.cpp
         stdafx.cpp
         G:\VS2013\VC\bin\x86_amd64\CL.exe /c /Zi /nologo /W3 /WX- /sdl /Od /D _WINDOWS /D _DEBUG /D _USING_V110_SDK71_ /D _UNICODE /D UNICODE /D _AFXDLL /Gm /EHsc /RTC1 /MDd /GS /fp:precise /Zc:wchar_t /Zc:forScope /Yu"stdafx.h" /Fp"x64\Debug\MFCApplication1.pch" /Fo"x64\Debug\\" /Fd"x64\Debug\vc120.pdb" /Gd /TP /errorReport:prompt MFCApplication1.cpp MFCApplication1Dlg.cpp
         MFCApplication1Dlg.cpp
     1>e:\vswork\repos\mfcapplication1\mfcapplication1\mapArray.h(78): warning C4101: “l”: 未引用的局部变量
         MFCApplication1.cpp
         正在生成代码...
       ResourceCompile:
         C:\Program Files (x86)\Microsoft SDKs\Windows\v7.1A\bin\rc.exe /D _DEBUG /D _USING_V110_SDK71_ /D _UNICODE /D UNICODE /D _AFXDLL /l"0x0804" /Ix64\Debug\ /nologo /fo"x64\Debug\MFCApplication1.res" MFCApplication1.rc 
       Link:
         G:\VS2013\VC\bin\x86_amd64\link.exe /ERRORREPORT:PROMPT /OUT:"E:\VSWork\repos\MFCApplication1\x64\Debug\MFCApplication1.exe" /INCREMENTAL /NOLOGO GdiPlus.lib /MANIFEST /MANIFESTUAC:"level='asInvoker' uiAccess='false'" /manifest:embed /manifestinput:G:\VS2013\VC\Include\Manifest\dpiaware.manifest /PDB:"E:\VSWork\repos\MFCApplication1\x64\Debug\MFCApplication1.pdb" /SUBSYSTEM:WINDOWS,"5.02" /TLBID:1 /ENTRY:"wWinMainCRTStartup" /DYNAMICBASE /NXCOMPAT /IMPLIB:"E:\VSWork\repos\MFCApplication1\x64\Debug\MFCApplication1.lib" /MACHINE:X64 x64\Debug\MFCApplication1.res
         x64\Debug\MFCApplication1.obj
         x64\Debug\MFCApplication1Dlg.obj
         x64\Debug\stdafx.obj
         MFCApplication1.vcxproj -> E:\VSWork\repos\MFCApplication1\x64\Debug\MFCApplication1.exe
     1>已完成生成项目“E:\VSWork\repos\MFCApplication1\MFCApplication1\MFCApplication1.vcxproj”(Build 个目标)的操作。

生成成功。

已用时间 00:00:08.13
